# JRE version: Java(TM) SE Runtime Environment (8.0_211-b12) (build 1.8.0_211-b12)
# Java VM: Java HotSpot(TM) 64-Bit Server VM (25.211-b12 mixed mode windows-amd64 compressed oops)
Heap:
 PSYoungGen      total 253440K, used 24373K [0x00000000ecd80000, 0x0000000100000000, 0x0000000100000000)
  eden space 239616K, 10% used [0x00000000ecd80000,0x00000000ee54d6a0,0x00000000fb780000)
  from space 13824K, 0% used [0x00000000fb780000,0x00000000fb780000,0x00000000fc500000)
  to   space 17408K, 0% used [0x00000000fef00000,0x00000000fef00000,0x0000000100000000)
 ParOldGen       total 82944K, used 30398K [0x00000000c6800000, 0x00000000cb900000, 0x00000000ecd80000)
  object space 82944K, 36% used [0x00000000c6800000,0x00000000c85af950,0x00000000cb900000)
 Metaspace       used 58255K, capacity 60689K, committed 60976K, reserved 1101824K
  class space    used 8192K, capacity 8625K, committed 8752K, reserved 1048576K
GC Heap History (10 events):
Event: 13.450 GC heap before
{Heap before GC invocations=10 (full 1):
 PSYoungGen      total 194560K, used 83333K [0x00000000ecd80000, 0x00000000f9880000, 0x0000000100000000)
  eden space 186368K, 40% used [0x00000000ecd80000,0x00000000f16e4b00,0x00000000f8380000)
  from space 8192K, 99% used [0x00000000f8f80000,0x00000000f977cc38,0x00000000f9780000)
  to   space 10752K, 0% used [0x00000000f8380000,0x00000000f8380000,0x00000000f8e00000)
 ParOldGen       total 39424K, used 15748K [0x00000000c6800000, 0x00000000c8e80000, 0x00000000ecd80000)
  object space 39424K, 39% used [0x00000000c6800000,0x00000000c7761138,0x00000000c8e80000)
 Metaspace       used 33902K, capacity 35449K, committed 35496K, reserved 1079296K
  class space    used 4567K, capacity 4865K, committed 4912K, reserved 1048576K
Event: 13.469 GC heap after
Heap after GC invocations=10 (full 1):
 PSYoungGen      total 197120K, used 10724K [0x00000000ecd80000, 0x00000000fd380000, 0x0000000100000000)
  eden space 186368K, 0% used [0x00000000ecd80000,0x00000000ecd80000,0x00000000f8380000)
  from space 10752K, 99% used [0x00000000f8380000,0x00000000f8df9350,0x00000000f8e00000)
  to   space 12288K, 0% used [0x00000000fc780000,0x00000000fc780000,0x00000000fd380000)
 ParOldGen       total 39424K, used 16643K [0x00000000c6800000, 0x00000000c8e80000, 0x00000000ecd80000)
  object space 39424K, 42% used [0x00000000c6800000,0x00000000c7840ca0,0x00000000c8e80000)
 Metaspace       used 33902K, capacity 35449K, committed 35496K, reserved 1079296K
  class space    used 4567K, capacity 4865K, committed 4912K, reserved 1048576K
}
Event: 13.469 GC heap before
{Heap before GC invocations=11 (full 2):
 PSYoungGen      total 197120K, used 10724K [0x00000000ecd80000, 0x00000000fd380000, 0x0000000100000000)
  eden space 186368K, 0% used [0x00000000ecd80000,0x00000000ecd80000,0x00000000f8380000)
  from space 10752K, 99% used [0x00000000f8380000,0x00000000f8df9350,0x00000000f8e00000)
  to   space 12288K, 0% used [0x00000000fc780000,0x00000000fc780000,0x00000000fd380000)
 ParOldGen       total 39424K, used 16643K [0x00000000c6800000, 0x00000000c8e80000, 0x00000000ecd80000)
  object space 39424K, 42% used [0x00000000c6800000,0x00000000c7840ca0,0x00000000c8e80000)
 Metaspace       used 33902K, capacity 35449K, committed 35496K, reserved 1079296K
  class space    used 4567K, capacity 4865K, committed 4912K, reserved 1048576K
Event: 13.576 GC heap after
Heap after GC invocations=11 (full 2):
 PSYoungGen      total 197120K, used 0K [0x00000000ecd80000, 0x00000000fd380000, 0x0000000100000000)
  eden space 186368K, 0% used [0x00000000ecd80000,0x00000000ecd80000,0x00000000f8380000)
  from space 10752K, 0% used [0x00000000f8380000,0x00000000f8380000,0x00000000f8e00000)
  to   space 12288K, 0% used [0x00000000fc780000,0x00000000fc780000,0x00000000fd380000)
 ParOldGen       total 54784K, used 16031K [0x00000000c6800000, 0x00000000c9d80000, 0x00000000ecd80000)
  object space 54784K, 29% used [0x00000000c6800000,0x00000000c77a7e28,0x00000000c9d80000)
 Metaspace       used 33902K, capacity 35449K, committed 35496K, reserved 1079296K
  class space    used 4567K, capacity 4865K, committed 4912K, reserved 1048576K
}
Event: 20.272 GC heap before
{Heap before GC invocations=12 (full 2):
 PSYoungGen      total 197120K, used 186368K [0x00000000ecd80000, 0x00000000fd380000, 0x0000000100000000)
  eden space 186368K, 100% used [0x00000000ecd80000,0x00000000f8380000,0x00000000f8380000)
  from space 10752K, 0% used [0x00000000f8380000,0x00000000f8380000,0x00000000f8e00000)
  to   space 12288K, 0% used [0x00000000fc780000,0x00000000fc780000,0x00000000fd380000)
 ParOldGen       total 54784K, used 16031K [0x00000000c6800000, 0x00000000c9d80000, 0x00000000ecd80000)
  object space 54784K, 29% used [0x00000000c6800000,0x00000000c77a7e28,0x00000000c9d80000)
 Metaspace       used 42851K, capacity 45045K, committed 45360K, reserved 1089536K
  class space    used 5658K, capacity 6069K, committed 6192K, reserved 1048576K
Event: 20.305 GC heap after
Heap after GC invocations=12 (full 2):
 PSYoungGen      total 247808K, used 10913K [0x00000000ecd80000, 0x00000000fd280000, 0x0000000100000000)
  eden space 236544K, 0% used [0x00000000ecd80000,0x00000000ecd80000,0x00000000fb480000)
  from space 11264K, 96% used [0x00000000fc780000,0x00000000fd228588,0x00000000fd280000)
  to   space 13824K, 0% used [0x00000000fb780000,0x00000000fb780000,0x00000000fc500000)
 ParOldGen       total 54784K, used 16031K [0x00000000c6800000, 0x00000000c9d80000, 0x00000000ecd80000)
  object space 54784K, 29% used [0x00000000c6800000,0x00000000c77a7e28,0x00000000c9d80000)
 Metaspace       used 42851K, capacity 45045K, committed 45360K, reserved 1089536K
  class space    used 5658K, capacity 6069K, committed 6192K, reserved 1048576K
}
Event: 23.466 GC heap before
{Heap before GC invocations=13 (full 2):
 PSYoungGen      total 247808K, used 150615K [0x00000000ecd80000, 0x00000000fd280000, 0x0000000100000000)
  eden space 236544K, 59% used [0x00000000ecd80000,0x00000000f55ed728,0x00000000fb480000)
  from space 11264K, 96% used [0x00000000fc780000,0x00000000fd228588,0x00000000fd280000)
  to   space 13824K, 0% used [0x00000000fb780000,0x00000000fb780000,0x00000000fc500000)
 ParOldGen       total 54784K, used 16031K [0x00000000c6800000, 0x00000000c9d80000, 0x00000000ecd80000)
  object space 54784K, 29% used [0x00000000c6800000,0x00000000c77a7e28,0x00000000c9d80000)
 Metaspace       used 56584K, capacity 58995K, committed 59160K, reserved 1099776K
  class space    used 7908K, capacity 8362K, committed 8368K, reserved 1048576K
Event: 23.486 GC heap after
Heap after GC invocations=13 (full 2):
 PSYoungGen      total 253440K, used 13794K [0x00000000ecd80000, 0x0000000100000000, 0x0000000100000000)
  eden space 239616K, 0% used [0x00000000ecd80000,0x00000000ecd80000,0x00000000fb780000)
  from space 13824K, 99% used [0x00000000fb780000,0x00000000fc4f8b00,0x00000000fc500000)
  to   space 17408K, 0% used [0x00000000fef00000,0x00000000fef00000,0x0000000100000000)
 ParOldGen       total 54784K, used 21018K [0x00000000c6800000, 0x00000000c9d80000, 0x00000000ecd80000)
  object space 54784K, 38% used [0x00000000c6800000,0x00000000c7c868d0,0x00000000c9d80000)
 Metaspace       used 56584K, capacity 58995K, committed 59160K, reserved 1099776K
  class space    used 7908K, capacity 8362K, committed 8368K, reserved 1048576K
}
Event: 23.486 GC heap before
{Heap before GC invocations=14 (full 3):
 PSYoungGen      total 253440K, used 13794K [0x00000000ecd80000, 0x0000000100000000, 0x0000000100000000)
  eden space 239616K, 0% used [0x00000000ecd80000,0x00000000ecd80000,0x00000000fb780000)
  from space 13824K, 99% used [0x00000000fb780000,0x00000000fc4f8b00,0x00000000fc500000)
  to   space 17408K, 0% used [0x00000000fef00000,0x00000000fef00000,0x0000000100000000)
 ParOldGen       total 54784K, used 21018K [0x00000000c6800000, 0x00000000c9d80000, 0x00000000ecd80000)
  object space 54784K, 38% used [0x00000000c6800000,0x00000000c7c868d0,0x00000000c9d80000)
 Metaspace       used 56584K, capacity 58995K, committed 59160K, reserved 1099776K
  class space    used 7908K, capacity 8362K, committed 8368K, reserved 1048576K
Event: 23.644 GC heap after
Heap after GC invocations=14 (full 3):
 PSYoungGen      total 253440K, used 0K [0x00000000ecd80000, 0x0000000100000000, 0x0000000100000000)
  eden space 239616K, 0% used [0x00000000ecd80000,0x00000000ecd80000,0x00000000fb780000)
  from space 13824K, 0% used [0x00000000fb780000,0x00000000fb780000,0x00000000fc500000)
  to   space 17408K, 0% used [0x00000000fef00000,0x00000000fef00000,0x0000000100000000)
 ParOldGen       total 82944K, used 30398K [0x00000000c6800000, 0x00000000cb900000, 0x00000000ecd80000)
  object space 82944K, 36% used [0x00000000c6800000,0x00000000c85af950,0x00000000cb900000)
 Metaspace       used 56584K, capacity 58995K, committed 59160K, reserved 1099776K
  class space    used 7908K, capacity 8362K, committed 8368K, reserved 1048576K
}

