# JRE version: Java(TM) SE Runtime Environment (8.0_211-b12) (build 1.8.0_211-b12)
# Java VM: Java HotSpot(TM) 64-Bit Server VM (25.211-b12 mixed mode windows-amd64 compressed oops)
Heap:
 PSYoungGen      total 32768K, used 32310K [0x00000000ecd80000, 0x00000000eef80000, 0x0000000100000000)
  eden space 30720K, 98% used [0x00000000ecd80000,0x00000000eeb11a98,0x00000000eeb80000)
  from space 2048K, 99% used [0x00000000eeb80000,0x00000000eed7c010,0x00000000eed80000)
  to   space 2048K, 0% used [0x00000000eed80000,0x00000000eed80000,0x00000000eef80000)
 ParOldGen       total 39936K, used 10702K [0x00000000c6800000, 0x00000000c8f00000, 0x00000000ecd80000)
  object space 39936K, 26% used [0x00000000c6800000,0x00000000c7273aa0,0x00000000c8f00000)
 Metaspace       used 19296K, capacity 20356K, committed 20480K, reserved 1067008K
  class space    used 2524K, capacity 2730K, committed 2816K, reserved 1048576K
GC Heap History (10 events):
Event: 3.097 GC heap before
{Heap before GC invocations=3 (full 0):
 PSYoungGen      total 17408K, used 17400K [0x00000000ecd80000, 0x00000000eef80000, 0x0000000100000000)
  eden space 15360K, 100% used [0x00000000ecd80000,0x00000000edc80000,0x00000000edc80000)
  from space 2048K, 99% used [0x00000000ede80000,0x00000000ee07e010,0x00000000ee080000)
  to   space 2048K, 0% used [0x00000000edc80000,0x00000000edc80000,0x00000000ede80000)
 ParOldGen       total 39936K, used 1942K [0x00000000c6800000, 0x00000000c8f00000, 0x00000000ecd80000)
  object space 39936K, 4% used [0x00000000c6800000,0x00000000c69e5b90,0x00000000c8f00000)
 Metaspace       used 10633K, capacity 11018K, committed 11136K, reserved 1058816K
  class space    used 1265K, capacity 1357K, committed 1408K, reserved 1048576K
Event: 3.134 GC heap after
Heap after GC invocations=3 (full 0):
 PSYoungGen      total 17408K, used 2041K [0x00000000ecd80000, 0x00000000eef80000, 0x0000000100000000)
  eden space 15360K, 0% used [0x00000000ecd80000,0x00000000ecd80000,0x00000000edc80000)
  from space 2048K, 99% used [0x00000000edc80000,0x00000000ede7e650,0x00000000ede80000)
  to   space 2048K, 0% used [0x00000000eed80000,0x00000000eed80000,0x00000000eef80000)
 ParOldGen       total 39936K, used 3284K [0x00000000c6800000, 0x00000000c8f00000, 0x00000000ecd80000)
  object space 39936K, 8% used [0x00000000c6800000,0x00000000c6b35230,0x00000000c8f00000)
 Metaspace       used 10633K, capacity 11018K, committed 11136K, reserved 1058816K
  class space    used 1265K, capacity 1357K, committed 1408K, reserved 1048576K
}
Event: 3.588 GC heap before
{Heap before GC invocations=4 (full 0):
 PSYoungGen      total 17408K, used 17401K [0x00000000ecd80000, 0x00000000eef80000, 0x0000000100000000)
  eden space 15360K, 100% used [0x00000000ecd80000,0x00000000edc80000,0x00000000edc80000)
  from space 2048K, 99% used [0x00000000edc80000,0x00000000ede7e650,0x00000000ede80000)
  to   space 2048K, 0% used [0x00000000eed80000,0x00000000eed80000,0x00000000eef80000)
 ParOldGen       total 39936K, used 3284K [0x00000000c6800000, 0x00000000c8f00000, 0x00000000ecd80000)
  object space 39936K, 8% used [0x00000000c6800000,0x00000000c6b35230,0x00000000c8f00000)
 Metaspace       used 12132K, capacity 12630K, committed 12928K, reserved 1060864K
  class space    used 1491K, capacity 1627K, committed 1664K, reserved 1048576K
Event: 3.595 GC heap after
Heap after GC invocations=4 (full 0):
 PSYoungGen      total 32768K, used 2040K [0x00000000ecd80000, 0x00000000eef80000, 0x0000000100000000)
  eden space 30720K, 0% used [0x00000000ecd80000,0x00000000ecd80000,0x00000000eeb80000)
  from space 2048K, 99% used [0x00000000eed80000,0x00000000eef7e030,0x00000000eef80000)
  to   space 2048K, 0% used [0x00000000eeb80000,0x00000000eeb80000,0x00000000eed80000)
 ParOldGen       total 39936K, used 4853K [0x00000000c6800000, 0x00000000c8f00000, 0x00000000ecd80000)
  object space 39936K, 12% used [0x00000000c6800000,0x00000000c6cbd600,0x00000000c8f00000)
 Metaspace       used 12132K, capacity 12630K, committed 12928K, reserved 1060864K
  class space    used 1491K, capacity 1627K, committed 1664K, reserved 1048576K
}
Event: 4.571 GC heap before
{Heap before GC invocations=5 (full 0):
 PSYoungGen      total 32768K, used 32688K [0x00000000ecd80000, 0x00000000eef80000, 0x0000000100000000)
  eden space 30720K, 99% used [0x00000000ecd80000,0x00000000eeb6e358,0x00000000eeb80000)
  from space 2048K, 99% used [0x00000000eed80000,0x00000000eef7e030,0x00000000eef80000)
  to   space 2048K, 0% used [0x00000000eeb80000,0x00000000eeb80000,0x00000000eed80000)
 ParOldGen       total 39936K, used 4853K [0x00000000c6800000, 0x00000000c8f00000, 0x00000000ecd80000)
  object space 39936K, 12% used [0x00000000c6800000,0x00000000c6cbd600,0x00000000c8f00000)
 Metaspace       used 14670K, capacity 15276K, committed 15360K, reserved 1062912K
  class space    used 1835K, capacity 1974K, committed 2048K, reserved 1048576K
Event: 4.584 GC heap after
Heap after GC invocations=5 (full 0):
 PSYoungGen      total 32768K, used 2040K [0x00000000ecd80000, 0x00000000eef80000, 0x0000000100000000)
  eden space 30720K, 0% used [0x00000000ecd80000,0x00000000ecd80000,0x00000000eeb80000)
  from space 2048K, 99% used [0x00000000eeb80000,0x00000000eed7e010,0x00000000eed80000)
  to   space 2048K, 0% used [0x00000000eed80000,0x00000000eed80000,0x00000000eef80000)
 ParOldGen       total 39936K, used 7512K [0x00000000c6800000, 0x00000000c8f00000, 0x00000000ecd80000)
  object space 39936K, 18% used [0x00000000c6800000,0x00000000c6f56178,0x00000000c8f00000)
 Metaspace       used 14670K, capacity 15276K, committed 15360K, reserved 1062912K
  class space    used 1835K, capacity 1974K, committed 2048K, reserved 1048576K
}
Event: 4.644 GC heap before
{Heap before GC invocations=6 (full 0):
 PSYoungGen      total 32768K, used 32760K [0x00000000ecd80000, 0x00000000eef80000, 0x0000000100000000)
  eden space 30720K, 100% used [0x00000000ecd80000,0x00000000eeb80000,0x00000000eeb80000)
  from space 2048K, 99% used [0x00000000eeb80000,0x00000000eed7e010,0x00000000eed80000)
  to   space 2048K, 0% used [0x00000000eed80000,0x00000000eed80000,0x00000000eef80000)
 ParOldGen       total 39936K, used 7512K [0x00000000c6800000, 0x00000000c8f00000, 0x00000000ecd80000)
  object space 39936K, 18% used [0x00000000c6800000,0x00000000c6f56178,0x00000000c8f00000)
 Metaspace       used 15083K, capacity 15692K, committed 15872K, reserved 1062912K
  class space    used 1851K, capacity 2006K, committed 2048K, reserved 1048576K
Event: 4.672 GC heap after
Heap after GC invocations=6 (full 0):
 PSYoungGen      total 32768K, used 2025K [0x00000000ecd80000, 0x00000000eef80000, 0x0000000100000000)
  eden space 30720K, 0% used [0x00000000ecd80000,0x00000000ecd80000,0x00000000eeb80000)
  from space 2048K, 98% used [0x00000000eed80000,0x00000000eef7a660,0x00000000eef80000)
  to   space 2048K, 0% used [0x00000000eeb80000,0x00000000eeb80000,0x00000000eed80000)
 ParOldGen       total 39936K, used 7917K [0x00000000c6800000, 0x00000000c8f00000, 0x00000000ecd80000)
  object space 39936K, 19% used [0x00000000c6800000,0x00000000c6fbb5b0,0x00000000c8f00000)
 Metaspace       used 15083K, capacity 15692K, committed 15872K, reserved 1062912K
  class space    used 1851K, capacity 2006K, committed 2048K, reserved 1048576K
}
Event: 5.839 GC heap before
{Heap before GC invocations=7 (full 0):
 PSYoungGen      total 32768K, used 32745K [0x00000000ecd80000, 0x00000000eef80000, 0x0000000100000000)
  eden space 30720K, 100% used [0x00000000ecd80000,0x00000000eeb80000,0x00000000eeb80000)
  from space 2048K, 98% used [0x00000000eed80000,0x00000000eef7a660,0x00000000eef80000)
  to   space 2048K, 0% used [0x00000000eeb80000,0x00000000eeb80000,0x00000000eed80000)
 ParOldGen       total 39936K, used 7917K [0x00000000c6800000, 0x00000000c8f00000, 0x00000000ecd80000)
  object space 39936K, 19% used [0x00000000c6800000,0x00000000c6fbb5b0,0x00000000c8f00000)
 Metaspace       used 17097K, capacity 17920K, committed 18176K, reserved 1064960K
  class space    used 2105K, capacity 2278K, committed 2304K, reserved 1048576K
Event: 5.848 GC heap after
Heap after GC invocations=7 (full 0):
 PSYoungGen      total 32768K, used 2032K [0x00000000ecd80000, 0x00000000eef80000, 0x0000000100000000)
  eden space 30720K, 0% used [0x00000000ecd80000,0x00000000ecd80000,0x00000000eeb80000)
  from space 2048K, 99% used [0x00000000eeb80000,0x00000000eed7c010,0x00000000eed80000)
  to   space 2048K, 0% used [0x00000000eed80000,0x00000000eed80000,0x00000000eef80000)
 ParOldGen       total 39936K, used 10702K [0x00000000c6800000, 0x00000000c8f00000, 0x00000000ecd80000)
  object space 39936K, 26% used [0x00000000c6800000,0x00000000c7273aa0,0x00000000c8f00000)
 Metaspace       used 17097K, capacity 17920K, committed 18176K, reserved 1064960K
  class space    used 2105K, capacity 2278K, committed 2304K, reserved 1048576K
}

