# JRE version: Java(TM) SE Runtime Environment (8.0_211-b12) (build 1.8.0_211-b12)
# Java VM: Java HotSpot(TM) 64-Bit Server VM (25.211-b12 mixed mode windows-amd64 compressed oops)
Heap:
 PSYoungGen      total 125952K, used 4279K [0x00000000ecd80000, 0x00000000f7380000, 0x0000000100000000)
  eden space 118272K, 3% used [0x00000000ecd80000,0x00000000ed1ade28,0x00000000f4100000)
  from space 7680K, 0% used [0x00000000f4a80000,0x00000000f4a80000,0x00000000f5200000)
  to   space 9728K, 0% used [0x00000000f4100000,0x00000000f4100000,0x00000000f4a80000)
 ParOldGen       total 32256K, used 14599K [0x00000000c6800000, 0x00000000c8780000, 0x00000000ecd80000)
  object space 32256K, 45% used [0x00000000c6800000,0x00000000c7641cf8,0x00000000c8780000)
 Metaspace       used 33720K, capacity 35482K, committed 35672K, reserved 1081344K
  class space    used 4388K, capacity 4715K, committed 4736K, reserved 1048576K
GC Heap History (10 events):
Event: 2.910 GC heap before
{Heap before GC invocations=8 (full 1):
 PSYoungGen      total 66048K, used 4844K [0x00000000ecd80000, 0x00000000f4e80000, 0x0000000100000000)
  eden space 60416K, 0% used [0x00000000ecd80000,0x00000000ecd80000,0x00000000f0880000)
  from space 5632K, 86% used [0x00000000f0880000,0x00000000f0d3b2c8,0x00000000f0e00000)
  to   space 5632K, 0% used [0x00000000f4900000,0x00000000f4900000,0x00000000f4e80000)
 ParOldGen       total 39936K, used 8951K [0x00000000c6800000, 0x00000000c8f00000, 0x00000000ecd80000)
  object space 39936K, 22% used [0x00000000c6800000,0x00000000c70bdc30,0x00000000c8f00000)
 Metaspace       used 20554K, capacity 21200K, committed 21248K, reserved 1067008K
  class space    used 2655K, capacity 2808K, committed 2816K, reserved 1048576K
Event: 2.967 GC heap after
Heap after GC invocations=8 (full 1):
 PSYoungGen      total 66048K, used 0K [0x00000000ecd80000, 0x00000000f4e80000, 0x0000000100000000)
  eden space 60416K, 0% used [0x00000000ecd80000,0x00000000ecd80000,0x00000000f0880000)
  from space 5632K, 0% used [0x00000000f0880000,0x00000000f0880000,0x00000000f0e00000)
  to   space 5632K, 0% used [0x00000000f4900000,0x00000000f4900000,0x00000000f4e80000)
 ParOldGen       total 32256K, used 7580K [0x00000000c6800000, 0x00000000c8780000, 0x00000000ecd80000)
  object space 32256K, 23% used [0x00000000c6800000,0x00000000c6f671e0,0x00000000c8780000)
 Metaspace       used 20552K, capacity 21194K, committed 21248K, reserved 1067008K
  class space    used 2654K, capacity 2807K, committed 2816K, reserved 1048576K
}
Event: 3.361 GC heap before
{Heap before GC invocations=9 (full 1):
 PSYoungGen      total 66048K, used 60416K [0x00000000ecd80000, 0x00000000f4e80000, 0x0000000100000000)
  eden space 60416K, 100% used [0x00000000ecd80000,0x00000000f0880000,0x00000000f0880000)
  from space 5632K, 0% used [0x00000000f0880000,0x00000000f0880000,0x00000000f0e00000)
  to   space 5632K, 0% used [0x00000000f4900000,0x00000000f4900000,0x00000000f4e80000)
 ParOldGen       total 32256K, used 7580K [0x00000000c6800000, 0x00000000c8780000, 0x00000000ecd80000)
  object space 32256K, 23% used [0x00000000c6800000,0x00000000c6f671e0,0x00000000c8780000)
 Metaspace       used 22509K, capacity 23246K, committed 23424K, reserved 1069056K
  class space    used 2910K, capacity 3109K, committed 3200K, reserved 1048576K
Event: 3.366 GC heap after
Heap after GC invocations=9 (full 1):
 PSYoungGen      total 96256K, used 2810K [0x00000000ecd80000, 0x00000000f4c00000, 0x0000000100000000)
  eden space 93184K, 0% used [0x00000000ecd80000,0x00000000ecd80000,0x00000000f2880000)
  from space 3072K, 91% used [0x00000000f4900000,0x00000000f4bbe8c0,0x00000000f4c00000)
  to   space 5632K, 0% used [0x00000000f4100000,0x00000000f4100000,0x00000000f4680000)
 ParOldGen       total 32256K, used 7588K [0x00000000c6800000, 0x00000000c8780000, 0x00000000ecd80000)
  object space 32256K, 23% used [0x00000000c6800000,0x00000000c6f691e0,0x00000000c8780000)
 Metaspace       used 22509K, capacity 23246K, committed 23424K, reserved 1069056K
  class space    used 2910K, capacity 3109K, committed 3200K, reserved 1048576K
}
Event: 5.960 GC heap before
{Heap before GC invocations=10 (full 1):
 PSYoungGen      total 96256K, used 95994K [0x00000000ecd80000, 0x00000000f4c00000, 0x0000000100000000)
  eden space 93184K, 100% used [0x00000000ecd80000,0x00000000f2880000,0x00000000f2880000)
  from space 3072K, 91% used [0x00000000f4900000,0x00000000f4bbe8c0,0x00000000f4c00000)
  to   space 5632K, 0% used [0x00000000f4100000,0x00000000f4100000,0x00000000f4680000)
 ParOldGen       total 32256K, used 7588K [0x00000000c6800000, 0x00000000c8780000, 0x00000000ecd80000)
  object space 32256K, 23% used [0x00000000c6800000,0x00000000c6f691e0,0x00000000c8780000)
 Metaspace       used 28217K, capacity 29502K, committed 29568K, reserved 1075200K
  class space    used 3681K, capacity 3943K, committed 3968K, reserved 1048576K
Event: 5.971 GC heap after
Heap after GC invocations=10 (full 1):
 PSYoungGen      total 123904K, used 5602K [0x00000000ecd80000, 0x00000000f5200000, 0x0000000100000000)
  eden space 118272K, 0% used [0x00000000ecd80000,0x00000000ecd80000,0x00000000f4100000)
  from space 5632K, 99% used [0x00000000f4100000,0x00000000f4678ba8,0x00000000f4680000)
  to   space 7680K, 0% used [0x00000000f4a80000,0x00000000f4a80000,0x00000000f5200000)
 ParOldGen       total 32256K, used 11183K [0x00000000c6800000, 0x00000000c8780000, 0x00000000ecd80000)
  object space 32256K, 34% used [0x00000000c6800000,0x00000000c72ebff0,0x00000000c8780000)
 Metaspace       used 28217K, capacity 29502K, committed 29568K, reserved 1075200K
  class space    used 3681K, capacity 3943K, committed 3968K, reserved 1048576K
}
Event: 7.518 GC heap before
{Heap before GC invocations=11 (full 1):
 PSYoungGen      total 123904K, used 102838K [0x00000000ecd80000, 0x00000000f5200000, 0x0000000100000000)
  eden space 118272K, 82% used [0x00000000ecd80000,0x00000000f2c74f10,0x00000000f4100000)
  from space 5632K, 99% used [0x00000000f4100000,0x00000000f4678ba8,0x00000000f4680000)
  to   space 7680K, 0% used [0x00000000f4a80000,0x00000000f4a80000,0x00000000f5200000)
 ParOldGen       total 32256K, used 11183K [0x00000000c6800000, 0x00000000c8780000, 0x00000000ecd80000)
  object space 32256K, 34% used [0x00000000c6800000,0x00000000c72ebff0,0x00000000c8780000)
 Metaspace       used 33559K, capacity 35322K, committed 35416K, reserved 1079296K
  class space    used 4356K, capacity 4683K, committed 4736K, reserved 1048576K
Event: 7.533 GC heap after
Heap after GC invocations=11 (full 1):
 PSYoungGen      total 125952K, used 7670K [0x00000000ecd80000, 0x00000000f7380000, 0x0000000100000000)
  eden space 118272K, 0% used [0x00000000ecd80000,0x00000000ecd80000,0x00000000f4100000)
  from space 7680K, 99% used [0x00000000f4a80000,0x00000000f51fd8d0,0x00000000f5200000)
  to   space 9728K, 0% used [0x00000000f4100000,0x00000000f4100000,0x00000000f4a80000)
 ParOldGen       total 32256K, used 13507K [0x00000000c6800000, 0x00000000c8780000, 0x00000000ecd80000)
  object space 32256K, 41% used [0x00000000c6800000,0x00000000c7530db0,0x00000000c8780000)
 Metaspace       used 33559K, capacity 35322K, committed 35416K, reserved 1079296K
  class space    used 4356K, capacity 4683K, committed 4736K, reserved 1048576K
}
Event: 7.533 GC heap before
{Heap before GC invocations=12 (full 2):
 PSYoungGen      total 125952K, used 7670K [0x00000000ecd80000, 0x00000000f7380000, 0x0000000100000000)
  eden space 118272K, 0% used [0x00000000ecd80000,0x00000000ecd80000,0x00000000f4100000)
  from space 7680K, 99% used [0x00000000f4a80000,0x00000000f51fd8d0,0x00000000f5200000)
  to   space 9728K, 0% used [0x00000000f4100000,0x00000000f4100000,0x00000000f4a80000)
 ParOldGen       total 32256K, used 13507K [0x00000000c6800000, 0x00000000c8780000, 0x00000000ecd80000)
  object space 32256K, 41% used [0x00000000c6800000,0x00000000c7530db0,0x00000000c8780000)
 Metaspace       used 33559K, capacity 35322K, committed 35416K, reserved 1079296K
  class space    used 4356K, capacity 4683K, committed 4736K, reserved 1048576K
Event: 7.590 GC heap after
Heap after GC invocations=12 (full 2):
 PSYoungGen      total 125952K, used 0K [0x00000000ecd80000, 0x00000000f7380000, 0x0000000100000000)
  eden space 118272K, 0% used [0x00000000ecd80000,0x00000000ecd80000,0x00000000f4100000)
  from space 7680K, 0% used [0x00000000f4a80000,0x00000000f4a80000,0x00000000f5200000)
  to   space 9728K, 0% used [0x00000000f4100000,0x00000000f4100000,0x00000000f4a80000)
 ParOldGen       total 32256K, used 14599K [0x00000000c6800000, 0x00000000c8780000, 0x00000000ecd80000)
  object space 32256K, 45% used [0x00000000c6800000,0x00000000c7641cf8,0x00000000c8780000)
 Metaspace       used 33559K, capacity 35322K, committed 35416K, reserved 1079296K
  class space    used 4356K, capacity 4683K, committed 4736K, reserved 1048576K
}

