# JRE version: Java(TM) SE Runtime Environment (8.0_211-b12) (build 1.8.0_211-b12)
# Java VM: Java HotSpot(TM) 64-Bit Server VM (25.211-b12 mixed mode windows-amd64 compressed oops)
Heap:
 PSYoungGen      total 117760K, used 8484K [0x00000000ecd80000, 0x00000000f5c80000, 0x0000000100000000)
  eden space 114176K, 7% used [0x00000000ecd80000,0x00000000ed5c9060,0x00000000f3d00000)
  from space 3584K, 0% used [0x00000000f4680000,0x00000000f4680000,0x00000000f4a00000)
  to   space 9728K, 0% used [0x00000000f3d00000,0x00000000f3d00000,0x00000000f4680000)
 ParOldGen       total 36864K, used 14718K [0x00000000c6800000, 0x00000000c8c00000, 0x00000000ecd80000)
  object space 36864K, 39% used [0x00000000c6800000,0x00000000c765f8f8,0x00000000c8c00000)
 Metaspace       used 34243K, capacity 36058K, committed 36312K, reserved 1081344K
  class space    used 4443K, capacity 4779K, committed 4864K, reserved 1048576K
GC Heap History (10 events):
Event: 2.771 GC heap before
{Heap before GC invocations=8 (full 1):
 PSYoungGen      total 66048K, used 4823K [0x00000000ecd80000, 0x00000000f4f80000, 0x0000000100000000)
  eden space 60416K, 0% used [0x00000000ecd80000,0x00000000ecd80000,0x00000000f0880000)
  from space 5632K, 85% used [0x00000000f0880000,0x00000000f0d35f68,0x00000000f0e00000)
  to   space 6144K, 0% used [0x00000000f4980000,0x00000000f4980000,0x00000000f4f80000)
 ParOldGen       total 39936K, used 8970K [0x00000000c6800000, 0x00000000c8f00000, 0x00000000ecd80000)
  object space 39936K, 22% used [0x00000000c6800000,0x00000000c70c28d8,0x00000000c8f00000)
 Metaspace       used 20517K, capacity 21194K, committed 21248K, reserved 1067008K
  class space    used 2645K, capacity 2807K, committed 2816K, reserved 1048576K
Event: 2.857 GC heap after
Heap after GC invocations=8 (full 1):
 PSYoungGen      total 66048K, used 0K [0x00000000ecd80000, 0x00000000f4f80000, 0x0000000100000000)
  eden space 60416K, 0% used [0x00000000ecd80000,0x00000000ecd80000,0x00000000f0880000)
  from space 5632K, 0% used [0x00000000f0880000,0x00000000f0880000,0x00000000f0e00000)
  to   space 6144K, 0% used [0x00000000f4980000,0x00000000f4980000,0x00000000f4f80000)
 ParOldGen       total 36864K, used 9959K [0x00000000c6800000, 0x00000000c8c00000, 0x00000000ecd80000)
  object space 36864K, 27% used [0x00000000c6800000,0x00000000c71b9e20,0x00000000c8c00000)
 Metaspace       used 20517K, capacity 21194K, committed 21248K, reserved 1067008K
  class space    used 2645K, capacity 2807K, committed 2816K, reserved 1048576K
}
Event: 3.304 GC heap before
{Heap before GC invocations=9 (full 1):
 PSYoungGen      total 66048K, used 60416K [0x00000000ecd80000, 0x00000000f4f80000, 0x0000000100000000)
  eden space 60416K, 100% used [0x00000000ecd80000,0x00000000f0880000,0x00000000f0880000)
  from space 5632K, 0% used [0x00000000f0880000,0x00000000f0880000,0x00000000f0e00000)
  to   space 6144K, 0% used [0x00000000f4980000,0x00000000f4980000,0x00000000f4f80000)
 ParOldGen       total 36864K, used 9959K [0x00000000c6800000, 0x00000000c8c00000, 0x00000000ecd80000)
  object space 36864K, 27% used [0x00000000c6800000,0x00000000c71b9e20,0x00000000c8c00000)
 Metaspace       used 22471K, capacity 23168K, committed 23424K, reserved 1069056K
  class space    used 2903K, capacity 3106K, committed 3200K, reserved 1048576K
Event: 3.311 GC heap after
Heap after GC invocations=9 (full 1):
 PSYoungGen      total 89088K, used 2818K [0x00000000ecd80000, 0x00000000f4c80000, 0x0000000100000000)
  eden space 86016K, 0% used [0x00000000ecd80000,0x00000000ecd80000,0x00000000f2180000)
  from space 3072K, 91% used [0x00000000f4980000,0x00000000f4c40bb8,0x00000000f4c80000)
  to   space 6144K, 0% used [0x00000000f4080000,0x00000000f4080000,0x00000000f4680000)
 ParOldGen       total 36864K, used 9967K [0x00000000c6800000, 0x00000000c8c00000, 0x00000000ecd80000)
  object space 36864K, 27% used [0x00000000c6800000,0x00000000c71bbe20,0x00000000c8c00000)
 Metaspace       used 22471K, capacity 23168K, committed 23424K, reserved 1069056K
  class space    used 2903K, capacity 3106K, committed 3200K, reserved 1048576K
}
Event: 5.242 GC heap before
{Heap before GC invocations=10 (full 1):
 PSYoungGen      total 89088K, used 88834K [0x00000000ecd80000, 0x00000000f4c80000, 0x0000000100000000)
  eden space 86016K, 100% used [0x00000000ecd80000,0x00000000f2180000,0x00000000f2180000)
  from space 3072K, 91% used [0x00000000f4980000,0x00000000f4c40bb8,0x00000000f4c80000)
  to   space 6144K, 0% used [0x00000000f4080000,0x00000000f4080000,0x00000000f4680000)
 ParOldGen       total 36864K, used 9967K [0x00000000c6800000, 0x00000000c8c00000, 0x00000000ecd80000)
  object space 36864K, 27% used [0x00000000c6800000,0x00000000c71bbe20,0x00000000c8c00000)
 Metaspace       used 27629K, capacity 28896K, committed 29056K, reserved 1075200K
  class space    used 3604K, capacity 3870K, committed 3968K, reserved 1048576K
Event: 5.256 GC heap after
Heap after GC invocations=10 (full 1):
 PSYoungGen      total 111616K, used 6124K [0x00000000ecd80000, 0x00000000f4a00000, 0x0000000100000000)
  eden space 105472K, 0% used [0x00000000ecd80000,0x00000000ecd80000,0x00000000f3480000)
  from space 6144K, 99% used [0x00000000f4080000,0x00000000f467b048,0x00000000f4680000)
  to   space 3584K, 0% used [0x00000000f4680000,0x00000000f4680000,0x00000000f4a00000)
 ParOldGen       total 36864K, used 12371K [0x00000000c6800000, 0x00000000c8c00000, 0x00000000ecd80000)
  object space 36864K, 33% used [0x00000000c6800000,0x00000000c7414f48,0x00000000c8c00000)
 Metaspace       used 27629K, capacity 28896K, committed 29056K, reserved 1075200K
  class space    used 3604K, capacity 3870K, committed 3968K, reserved 1048576K
}
Event: 6.973 GC heap before
{Heap before GC invocations=11 (full 1):
 PSYoungGen      total 111616K, used 111596K [0x00000000ecd80000, 0x00000000f4a00000, 0x0000000100000000)
  eden space 105472K, 100% used [0x00000000ecd80000,0x00000000f3480000,0x00000000f3480000)
  from space 6144K, 99% used [0x00000000f4080000,0x00000000f467b048,0x00000000f4680000)
  to   space 3584K, 0% used [0x00000000f4680000,0x00000000f4680000,0x00000000f4a00000)
 ParOldGen       total 36864K, used 12371K [0x00000000c6800000, 0x00000000c8c00000, 0x00000000ecd80000)
  object space 36864K, 33% used [0x00000000c6800000,0x00000000c7414f48,0x00000000c8c00000)
 Metaspace       used 33533K, capacity 35290K, committed 35416K, reserved 1079296K
  class space    used 4350K, capacity 4651K, committed 4736K, reserved 1048576K
Event: 6.986 GC heap after
Heap after GC invocations=11 (full 1):
 PSYoungGen      total 117760K, used 3577K [0x00000000ecd80000, 0x00000000f5c80000, 0x0000000100000000)
  eden space 114176K, 0% used [0x00000000ecd80000,0x00000000ecd80000,0x00000000f3d00000)
  from space 3584K, 99% used [0x00000000f4680000,0x00000000f49fe6f0,0x00000000f4a00000)
  to   space 9728K, 0% used [0x00000000f3d00000,0x00000000f3d00000,0x00000000f4680000)
 ParOldGen       total 36864K, used 19186K [0x00000000c6800000, 0x00000000c8c00000, 0x00000000ecd80000)
  object space 36864K, 52% used [0x00000000c6800000,0x00000000c7abc850,0x00000000c8c00000)
 Metaspace       used 33533K, capacity 35290K, committed 35416K, reserved 1079296K
  class space    used 4350K, capacity 4651K, committed 4736K, reserved 1048576K
}
Event: 6.986 GC heap before
{Heap before GC invocations=12 (full 2):
 PSYoungGen      total 117760K, used 3577K [0x00000000ecd80000, 0x00000000f5c80000, 0x0000000100000000)
  eden space 114176K, 0% used [0x00000000ecd80000,0x00000000ecd80000,0x00000000f3d00000)
  from space 3584K, 99% used [0x00000000f4680000,0x00000000f49fe6f0,0x00000000f4a00000)
  to   space 9728K, 0% used [0x00000000f3d00000,0x00000000f3d00000,0x00000000f4680000)
 ParOldGen       total 36864K, used 19186K [0x00000000c6800000, 0x00000000c8c00000, 0x00000000ecd80000)
  object space 36864K, 52% used [0x00000000c6800000,0x00000000c7abc850,0x00000000c8c00000)
 Metaspace       used 33533K, capacity 35290K, committed 35416K, reserved 1079296K
  class space    used 4350K, capacity 4651K, committed 4736K, reserved 1048576K
Event: 7.069 GC heap after
Heap after GC invocations=12 (full 2):
 PSYoungGen      total 117760K, used 0K [0x00000000ecd80000, 0x00000000f5c80000, 0x0000000100000000)
  eden space 114176K, 0% used [0x00000000ecd80000,0x00000000ecd80000,0x00000000f3d00000)
  from space 3584K, 0% used [0x00000000f4680000,0x00000000f4680000,0x00000000f4a00000)
  to   space 9728K, 0% used [0x00000000f3d00000,0x00000000f3d00000,0x00000000f4680000)
 ParOldGen       total 36864K, used 14718K [0x00000000c6800000, 0x00000000c8c00000, 0x00000000ecd80000)
  object space 36864K, 39% used [0x00000000c6800000,0x00000000c765f8f8,0x00000000c8c00000)
 Metaspace       used 33533K, capacity 35290K, committed 35416K, reserved 1079296K
  class space    used 4350K, capacity 4651K, committed 4736K, reserved 1048576K
}

